app/build/intermediates/manifest_merge_blame_file/debug/manifest-merger-blame-debug-report.txt
1<?xml version="1.0" encoding="utf-8"?>
2<manifest xmlns:android="http://schemas.android.com/apk/res/android"
3    package="com.example.testproject"
4    android:versionCode="1"
5    android:versionName="1.0" >
6
7    <uses-sdk
8        android:minSdkVersion="23"
8-->src\main\AndroidManifest.xml
9        android:targetSdkVersion="29" />
9-->src\main\AndroidManifest.xml
10
11    <!-- Although the *SdkVersion is captured in gradle build files, this is required for non gradle builds -->
12    <!-- <uses-sdk android:minSdkVersion="14"/> -->
13    <uses-permission android:name="android.permission.ACCESS_NETWORK_STATE" />
13-->[com.google.firebase:firebase-database:19.2.0] AndroidManifest.xml:25:5-79
13-->[com.google.firebase:firebase-database:19.2.0] AndroidManifest.xml:25:22-76
14    <uses-permission android:name="android.permission.INTERNET" />
14-->[com.google.firebase:firebase-database:19.2.0] AndroidManifest.xml:26:5-67
14-->[com.google.firebase:firebase-database:19.2.0] AndroidManifest.xml:26:22-64
15
16    <application
16-->src\main\AndroidManifest.xml:5:5-39:19
17        android:allowBackup="true"
17-->src\main\AndroidManifest.xml:6:9-35
18        android:appComponentFactory="androidx.core.app.CoreComponentFactory"
18-->[androidx.core:core:1.0.1] AndroidManifest.xml:22:18-86
19        android:debuggable="true"
20        android:icon="@mipmap/ic_launcher"
20-->src\main\AndroidManifest.xml:7:9-43
21        android:label="@string/app_name"
21-->src\main\AndroidManifest.xml:8:9-41
22        android:roundIcon="@mipmap/ic_launcher_round"
22-->src\main\AndroidManifest.xml:9:9-54
23        android:supportsRtl="true"
23-->src\main\AndroidManifest.xml:10:9-35
24        android:testOnly="true"
25        android:theme="@style/AppTheme" >
25-->src\main\AndroidManifest.xml:11:9-40
26        <activity
26-->src\main\AndroidManifest.xml:12:9-15:68
27            android:name="com.example.testproject.ContestantsActivity"
27-->src\main\AndroidManifest.xml:13:13-48
28            android:label="@string/title_activity_contestants"
28-->src\main\AndroidManifest.xml:14:13-63
29            android:theme="@style/AppTheme.NoActionBar" />
29-->src\main\AndroidManifest.xml:15:13-56
30        <activity
30-->src\main\AndroidManifest.xml:16:9-19:59
31            android:name="com.example.testproject.ContestSetUpActivity"
31-->src\main\AndroidManifest.xml:17:13-49
32            android:label="@string/title_activity_contest_set_up"
32-->src\main\AndroidManifest.xml:18:13-66
33            android:theme="@style/AppTheme.NoActionBar" />
33-->src\main\AndroidManifest.xml:19:13-56
34        <activity
34-->src\main\AndroidManifest.xml:20:9-23:59
35            android:name="com.example.testproject.JuryActivity"
35-->src\main\AndroidManifest.xml:21:13-41
36            android:label="@string/title_activity_jury"
36-->src\main\AndroidManifest.xml:22:13-56
37            android:theme="@style/AppTheme.NoActionBar" />
37-->src\main\AndroidManifest.xml:23:13-56
38        <activity
38-->src\main\AndroidManifest.xml:24:9-27:59
39            android:name="com.example.testproject.AdminMenuActivity"
39-->src\main\AndroidManifest.xml:25:13-46
40            android:label="@string/title_activity_admin_menu"
40-->src\main\AndroidManifest.xml:26:13-62
41            android:theme="@style/AppTheme.NoActionBar" />
41-->src\main\AndroidManifest.xml:27:13-56
42        <activity
42-->src\main\AndroidManifest.xml:28:9-37:20
43            android:name="com.example.testproject.MainActivity"
43-->src\main\AndroidManifest.xml:29:13-41
44            android:label="@string/app_name"
44-->src\main\AndroidManifest.xml:30:13-45
45            android:theme="@style/AppTheme.NoActionBar" >
45-->src\main\AndroidManifest.xml:31:13-56
46            <intent-filter>
46-->src\main\AndroidManifest.xml:32:13-36:29
47                <action android:name="android.intent.action.MAIN" />
47-->src\main\AndroidManifest.xml:33:17-69
47-->src\main\AndroidManifest.xml:33:25-66
48
49                <category android:name="android.intent.category.LAUNCHER" />
49-->src\main\AndroidManifest.xml:35:17-77
49-->src\main\AndroidManifest.xml:35:27-74
50            </intent-filter>
51        </activity>
52        <activity android:name="com.example.testproject.AuthActivity" />
52-->src\main\AndroidManifest.xml:38:9-50
52-->src\main\AndroidManifest.xml:38:19-47
53
54        <service
54-->[com.google.firebase:firebase-database:19.2.0] AndroidManifest.xml:29:9-35:19
55            android:name="com.google.firebase.components.ComponentDiscoveryService"
55-->[com.google.firebase:firebase-database:19.2.0] AndroidManifest.xml:30:13-84
56            android:directBootAware="true"
56-->[com.google.firebase:firebase-common:19.2.0] AndroidManifest.xml:15:13-43
57            android:exported="false" >
57-->[com.google.firebase:firebase-database:19.2.0] AndroidManifest.xml:31:13-37
58            <meta-data
58-->[com.google.firebase:firebase-database:19.2.0] AndroidManifest.xml:32:13-34:85
59                android:name="com.google.firebase.components:com.google.firebase.database.DatabaseRegistrar"
59-->[com.google.firebase:firebase-database:19.2.0] AndroidManifest.xml:33:17-109
60                android:value="com.google.firebase.components.ComponentRegistrar" />
60-->[com.google.firebase:firebase-database:19.2.0] AndroidManifest.xml:34:17-82
61            <meta-data
61-->[com.google.firebase:firebase-auth:19.1.0] AndroidManifest.xml:36:13-38:85
62                android:name="com.google.firebase.components:com.google.firebase.auth.FirebaseAuthRegistrar"
62-->[com.google.firebase:firebase-auth:19.1.0] AndroidManifest.xml:37:17-109
63                android:value="com.google.firebase.components.ComponentRegistrar" />
63-->[com.google.firebase:firebase-auth:19.1.0] AndroidManifest.xml:38:17-82
64        </service>
65
66        <activity
66-->[com.google.firebase:firebase-auth:19.1.0] AndroidManifest.xml:24:9-31:50
67            android:name="com.google.firebase.auth.internal.FederatedSignInActivity"
67-->[com.google.firebase:firebase-auth:19.1.0] AndroidManifest.xml:25:13-85
68            android:excludeFromRecents="true"
68-->[com.google.firebase:firebase-auth:19.1.0] AndroidManifest.xml:26:13-46
69            android:exported="true"
69-->[com.google.firebase:firebase-auth:19.1.0] AndroidManifest.xml:27:13-36
70            android:launchMode="singleTask"
70-->[com.google.firebase:firebase-auth:19.1.0] AndroidManifest.xml:28:13-44
71            android:permission="com.google.firebase.auth.api.gms.permission.LAUNCH_FEDERATED_SIGN_IN"
71-->[com.google.firebase:firebase-auth:19.1.0] AndroidManifest.xml:29:13-102
72            android:theme="@android:style/Theme.Translucent.NoTitleBar" />
72-->[com.google.firebase:firebase-auth:19.1.0] AndroidManifest.xml:30:13-72
73
74        <provider
74-->[com.google.firebase:firebase-common:19.2.0] AndroidManifest.xml:19:9-23:39
75            android:name="com.google.firebase.provider.FirebaseInitProvider"
75-->[com.google.firebase:firebase-common:19.2.0] AndroidManifest.xml:20:13-77
76            android:authorities="com.example.testproject.firebaseinitprovider"
76-->[com.google.firebase:firebase-common:19.2.0] AndroidManifest.xml:21:13-72
77            android:exported="false"
77-->[com.google.firebase:firebase-common:19.2.0] AndroidManifest.xml:22:13-37
78            android:initOrder="100" />
78-->[com.google.firebase:firebase-common:19.2.0] AndroidManifest.xml:23:13-36
79
80        <activity
80-->[com.google.android.gms:play-services-base:17.1.0] AndroidManifest.xml:23:9-26:75
81            android:name="com.google.android.gms.common.api.GoogleApiActivity"
81-->[com.google.android.gms:play-services-base:17.1.0] AndroidManifest.xml:24:13-79
82            android:exported="false"
82-->[com.google.android.gms:play-services-base:17.1.0] AndroidManifest.xml:25:13-37
83            android:theme="@android:style/Theme.Translucent.NoTitleBar" />
83-->[com.google.android.gms:play-services-base:17.1.0] AndroidManifest.xml:26:13-72
84
85        <meta-data
85-->[com.google.android.gms:play-services-basement:17.0.0] AndroidManifest.xml:23:9-25:69
86            android:name="com.google.android.gms.version"
86-->[com.google.android.gms:play-services-basement:17.0.0] AndroidManifest.xml:24:13-58
87            android:value="@integer/google_play_services_version" />
87-->[com.google.android.gms:play-services-basement:17.0.0] AndroidManifest.xml:25:13-66
88    </application>
89
90</manifest>